May-17-2023 02:38:04 - [INFO]: Http server is running at http://localhost:3000
May-17-2023 02:38:08 - [INFO]: Http server is running at http://localhost:3000
May-17-2023 02:38:12 - [INFO]: Http server is running at http://localhost:3000
May-17-2023 02:38:12 - [INFO]: Grpc server is running at http://localhost:50051
May-17-2023 02:38:12 - [INFO]: MongoDB is connected on mongodb://root:12345@mongodb:27017/iot_security_app
May-17-2023 10:40:40 - [INFO]: Http server is running at http://localhost:3000
May-17-2023 10:40:40 - [INFO]: Grpc server is running at http://localhost:50051
May-17-2023 10:40:40 - [INFO]: MongoDB is connected on mongodb://root:12345@mongodb:27017/iot_security_app
May-17-2023 11:18:42 - [ERROR]: Failed to create new stream in AI server with camera 6162f9b9be1661cb32a1c461. Detail: Error: 14 UNAVAILABLE: Name resolution failed for target dns:ai-server:50052
May-17-2023 11:35:28 - [ERROR]: Failed to create new stream in AI server with camera 6162f9b9be1661cb32a1c461. Detail: Error: 10 ABORTED: Failed to open rtsp://rtsp_server:8554/4 for detection
May-17-2023 11:44:11 - [INFO]: Http server is running at http://localhost:3000
May-17-2023 11:44:11 - [INFO]: Grpc server is running at http://localhost:50051
May-17-2023 11:44:12 - [INFO]: MongoDB is connected on mongodb://root:12345@mongodb:27017/iot_security_app
May-17-2023 12:04:54 - [INFO]: Http server is running at http://localhost:3000
May-17-2023 12:04:54 - [INFO]: Grpc server is running at http://localhost:50051
May-17-2023 12:04:54 - [INFO]: MongoDB is connected on mongodb://root:12345@mongodb:27017/iot_security_app
May-17-2023 12:36:17 - [INFO]: Http server is running at http://localhost:3000
May-17-2023 12:36:17 - [INFO]: Grpc server is running at http://localhost:50051
May-17-2023 12:36:17 - [INFO]: MongoDB is connected on mongodb://root:12345@mongodb:27017/iot_security_app
May-17-2023 12:42:08 - [INFO]: Http server is running at http://localhost:3000
May-17-2023 12:42:08 - [INFO]: Grpc server is running at http://localhost:50051
May-17-2023 12:42:08 - [INFO]: MongoDB is connected on mongodb://root:12345@mongodb:27017/iot_security_app
May-17-2023 12:50:43 - [INFO]: Http server is running at http://localhost:3000
May-17-2023 12:50:43 - [INFO]: Grpc server is running at http://localhost:50051
May-17-2023 12:50:43 - [INFO]: MongoDB is connected on mongodb://root:12345@mongodb:27017/iot_security_app
May-17-2023 13:22:07 - [INFO]: Http server is running at http://localhost:3000
May-17-2023 13:22:07 - [INFO]: Grpc server is running at http://localhost:50051
May-17-2023 13:22:08 - [INFO]: MongoDB is connected on mongodb://root:12345@mongodb:27017/iot_security_app
May-17-2023 13:29:10 - [ERROR]: Failed to create new stream in AI server with camera 6162f9b9be1661cb32a1c461. Detail: Error: 10 ABORTED: Failed to open rtsp://rtsp_server:8554/4 for detection
May-17-2023 13:30:30 - [ERROR]: Failed to create new stream in AI server with camera 6162f9b9be1661cb32a1c461. Detail: Error: 10 ABORTED: Failed to open rtsp://rtsp_server:8554/4 for detection
May-17-2023 13:48:49 - [ERROR]: Failed to create new stream in AI server with camera 6162f9b9be1661cb32a1c461. Detail: Error: 10 ABORTED: Failed to open rtsp://rtsp_server:8554/4 for detection
May-17-2023 13:53:23 - [ERROR]: Failed to create new stream in AI server with camera 6162f9b9be1661cb32a1c461. Detail: Error: 10 ABORTED: Failed to open rtsp://rtsp_server:8554/4 for detection
May-17-2023 13:55:54 - [ERROR]: Failed to create new stream in AI server with camera 6162f9b9be1661cb32a1c461. Detail: Error: 10 ABORTED: Failed to open rtsp://rtsp_server:8554/4 for detection
May-17-2023 14:00:08 - [ERROR]: Failed to create new stream in AI server with camera 6162f9b9be1661cb32a1c461. Detail: Error: 10 ABORTED: Failed to open rtsp://rtsp_server:8554/4 for detection
May-17-2023 14:02:26 - [ERROR]: Failed to create new stream in AI server with camera 6162f9b9be1661cb32a1c461. Detail: Error: 10 ABORTED: Failed to open rtsp://rtsp_server:8554/4 for detection
May-17-2023 14:07:09 - [ERROR]: Failed to create new stream in AI server with camera 6162f9b9be1661cb32a1c461. Detail: Error: 10 ABORTED: Failed to open rtsp://192.168.1.37:8554/4 for detection
May-17-2023 14:37:52 - [INFO]: Http server is running at http://localhost:3000
May-17-2023 14:37:52 - [INFO]: Grpc server is running at http://localhost:50051
May-17-2023 14:37:53 - [INFO]: MongoDB is connected on mongodb://root:12345@mongodb:27017/iot_security_app
May-17-2023 14:42:01 - [INFO]: Http server is running at http://localhost:3000
May-17-2023 14:42:01 - [INFO]: Grpc server is running at http://localhost:50051
May-17-2023 14:42:02 - [INFO]: MongoDB is connected on mongodb://root:12345@mongodb:27017/iot_security_app
May-17-2023 14:42:20 - [ERROR]: Failed to create new stream in AI server with camera 6162f9b9be1661cb32a1c461. Detail: Error: 10 ABORTED: Failed to open rtsp://rtsp_server:8554/4 for detection
May-18-2023 17:44:57 - [INFO]: Http server is running at http://localhost:3000
May-18-2023 17:44:57 - [INFO]: Grpc server is running at http://localhost:50051
May-18-2023 17:44:59 - [INFO]: MongoDB is connected on mongodb://root:12345@mongodb:27017/iot_security_app
May-18-2023 18:27:16 - [INFO]: Http server is running at http://localhost:3000
May-18-2023 18:27:16 - [INFO]: Grpc server is running at http://localhost:50051
May-18-2023 18:27:16 - [INFO]: MongoDB is connected on mongodb://root:12345@mongodb:27017/iot_security_app
May-19-2023 10:35:38 - [INFO]: Http server is running at http://localhost:3000
May-19-2023 10:35:41 - [INFO]: Http server is running at http://localhost:3000
May-19-2023 10:35:45 - [INFO]: Http server is running at http://localhost:3000
May-19-2023 10:35:45 - [INFO]: Grpc server is running at http://localhost:50051
May-19-2023 10:35:45 - [INFO]: MongoDB is connected on mongodb://root:12345@mongodb:27017/iot_security_app
May-19-2023 10:47:15 - [INFO]: Http server is running at http://localhost:3000
May-19-2023 10:47:19 - [INFO]: Http server is running at http://localhost:3000
May-19-2023 10:47:22 - [INFO]: Http server is running at http://localhost:3000
May-19-2023 10:47:22 - [INFO]: Grpc server is running at http://localhost:50051
May-19-2023 10:47:22 - [INFO]: MongoDB is connected on mongodb://root:12345@mongodb:27017/iot_security_app
May-19-2023 10:51:26 - [INFO]: Http server is running at http://localhost:3000
May-19-2023 10:51:29 - [INFO]: Http server is running at http://localhost:3000
May-19-2023 10:51:33 - [INFO]: Http server is running at http://localhost:3000
May-19-2023 10:51:33 - [INFO]: Grpc server is running at http://localhost:50051
May-19-2023 10:51:33 - [INFO]: MongoDB is connected on mongodb://root:12345@mongodb:27017/iot_security_app
May-19-2023 20:05:25 - [INFO]: Http server is running at http://localhost:3000
May-19-2023 20:05:25 - [INFO]: Grpc server is running at http://localhost:50051
May-19-2023 20:05:38 - [INFO]: Http server is running at http://localhost:3000
May-19-2023 20:05:38 - [INFO]: Grpc server is running at http://localhost:50051
May-19-2023 13:05:52 - [INFO]: Http server is running at http://localhost:3000
May-19-2023 13:05:52 - [INFO]: Grpc server is running at http://localhost:50051
May-19-2023 13:06:05 - [INFO]: Http server is running at http://localhost:3000
May-19-2023 13:06:05 - [INFO]: Grpc server is running at http://localhost:50051
May-19-2023 13:06:18 - [INFO]: Http server is running at http://localhost:3000
May-19-2023 13:06:18 - [INFO]: Grpc server is running at http://localhost:50051
May-19-2023 13:06:31 - [INFO]: Http server is running at http://localhost:3000
May-19-2023 13:06:31 - [INFO]: Grpc server is running at http://localhost:50051
May-19-2023 13:06:44 - [INFO]: Http server is running at http://localhost:3000
May-19-2023 13:06:44 - [INFO]: Grpc server is running at http://localhost:50051
May-19-2023 13:06:57 - [INFO]: Http server is running at http://localhost:3000
May-19-2023 13:06:57 - [INFO]: Grpc server is running at http://localhost:50051
May-19-2023 13:07:12 - [INFO]: Http server is running at http://localhost:3000
May-19-2023 13:07:12 - [INFO]: Grpc server is running at http://localhost:50051
May-19-2023 13:07:30 - [INFO]: Http server is running at http://localhost:3000
May-19-2023 13:07:30 - [INFO]: Grpc server is running at http://localhost:50051
May-19-2023 13:07:43 - [INFO]: Http server is running at http://localhost:3000
May-19-2023 13:07:43 - [INFO]: Grpc server is running at http://localhost:50051
May-19-2023 13:07:56 - [INFO]: Http server is running at http://localhost:3000
May-19-2023 13:07:56 - [INFO]: Grpc server is running at http://localhost:50051
May-19-2023 13:08:10 - [INFO]: Http server is running at http://localhost:3000
May-19-2023 13:08:10 - [INFO]: Grpc server is running at http://localhost:50051
May-19-2023 13:08:23 - [INFO]: Http server is running at http://localhost:3000
May-19-2023 13:08:23 - [INFO]: Grpc server is running at http://localhost:50051
May-19-2023 13:08:36 - [INFO]: Http server is running at http://localhost:3000
May-19-2023 13:08:36 - [INFO]: Grpc server is running at http://localhost:50051
May-19-2023 13:08:50 - [INFO]: Http server is running at http://localhost:3000
May-19-2023 13:08:50 - [INFO]: Grpc server is running at http://localhost:50051
May-19-2023 13:09:03 - [INFO]: Http server is running at http://localhost:3000
May-19-2023 13:09:03 - [INFO]: Grpc server is running at http://localhost:50051
May-19-2023 13:09:16 - [INFO]: Http server is running at http://localhost:3000
May-19-2023 13:09:16 - [INFO]: Grpc server is running at http://localhost:50051
May-19-2023 13:09:29 - [INFO]: Http server is running at http://localhost:3000
May-19-2023 13:09:29 - [INFO]: Grpc server is running at http://localhost:50051
May-19-2023 13:09:42 - [INFO]: Http server is running at http://localhost:3000
May-19-2023 13:09:42 - [INFO]: Grpc server is running at http://localhost:50051
May-19-2023 13:09:55 - [INFO]: Http server is running at http://localhost:3000
May-19-2023 13:09:55 - [INFO]: Grpc server is running at http://localhost:50051
May-19-2023 13:10:11 - [INFO]: Http server is running at http://localhost:3000
May-19-2023 13:10:11 - [INFO]: Grpc server is running at http://localhost:50051
May-19-2023 13:10:25 - [INFO]: Http server is running at http://localhost:3000
May-19-2023 13:10:29 - [INFO]: Http server is running at http://localhost:3000
May-19-2023 13:10:29 - [INFO]: Grpc server is running at http://localhost:50051
May-19-2023 13:10:29 - [INFO]: MongoDB is connected on mongodb://root:12345@mongodb:27017/iot_security_app
May-19-2023 14:07:42 - [INFO]: Http server is running at http://localhost:3000
May-19-2023 14:07:46 - [INFO]: Http server is running at http://localhost:3000
May-19-2023 14:07:50 - [INFO]: Http server is running at http://localhost:3000
May-19-2023 14:07:50 - [INFO]: Grpc server is running at http://localhost:50051
May-19-2023 14:07:50 - [INFO]: MongoDB is connected on mongodb://root:12345@mongodb:27017/iot_security_app
May-19-2023 14:08:04 - [ERROR]: MongoServerError: Cannot perform a delete with a non-empty query on a time-series collection that does not have a metaField
May-19-2023 14:08:29 - [INFO]: Http server is running at http://localhost:3000
May-19-2023 14:08:29 - [INFO]: Grpc server is running at http://localhost:50051
May-19-2023 14:08:29 - [INFO]: MongoDB is connected on mongodb://root:12345@mongodb:27017/iot_security_app
May-19-2023 14:08:43 - [ERROR]: MongoServerError: Cannot perform a delete with a non-empty query on a time-series collection that does not have a metaField
May-19-2023 20:36:49 - [INFO]: Http server is running at http://localhost:3000
May-19-2023 20:36:49 - [INFO]: Grpc server is running at http://localhost:50051
May-19-2023 20:37:02 - [INFO]: Http server is running at http://localhost:3000
May-19-2023 20:37:02 - [INFO]: Grpc server is running at http://localhost:50051
May-19-2023 20:37:15 - [INFO]: Http server is running at http://localhost:3000
May-19-2023 20:37:15 - [INFO]: Grpc server is running at http://localhost:50051
May-19-2023 20:37:28 - [INFO]: Http server is running at http://localhost:3000
May-19-2023 20:37:28 - [INFO]: Grpc server is running at http://localhost:50051
May-19-2023 20:37:41 - [INFO]: Http server is running at http://localhost:3000
May-19-2023 20:37:41 - [INFO]: Grpc server is running at http://localhost:50051
May-19-2023 20:37:54 - [INFO]: Http server is running at http://localhost:3000
May-19-2023 20:37:54 - [INFO]: Grpc server is running at http://localhost:50051
May-19-2023 20:38:07 - [INFO]: Http server is running at http://localhost:3000
May-19-2023 20:38:07 - [INFO]: Grpc server is running at http://localhost:50051
May-19-2023 20:38:20 - [INFO]: Http server is running at http://localhost:3000
May-19-2023 20:38:20 - [INFO]: Grpc server is running at http://localhost:50051
May-19-2023 20:38:33 - [INFO]: Http server is running at http://localhost:3000
May-19-2023 20:38:33 - [INFO]: Grpc server is running at http://localhost:50051
May-19-2023 20:38:46 - [INFO]: Http server is running at http://localhost:3000
May-19-2023 20:38:46 - [INFO]: Grpc server is running at http://localhost:50051
May-19-2023 20:38:59 - [INFO]: Http server is running at http://localhost:3000
May-19-2023 20:38:59 - [INFO]: Grpc server is running at http://localhost:50051
May-19-2023 20:39:12 - [INFO]: Http server is running at http://localhost:3000
May-19-2023 20:39:12 - [INFO]: Grpc server is running at http://localhost:50051
May-19-2023 20:39:26 - [INFO]: Http server is running at http://localhost:3000
May-19-2023 20:39:26 - [INFO]: Grpc server is running at http://localhost:50051
May-19-2023 20:39:39 - [INFO]: Http server is running at http://localhost:3000
May-19-2023 20:39:39 - [INFO]: Grpc server is running at http://localhost:50051
May-19-2023 20:39:52 - [INFO]: Http server is running at http://localhost:3000
May-19-2023 20:39:52 - [INFO]: Grpc server is running at http://localhost:50051
May-19-2023 20:40:05 - [INFO]: Http server is running at http://localhost:3000
May-19-2023 20:40:05 - [INFO]: Grpc server is running at http://localhost:50051
May-19-2023 20:40:18 - [INFO]: Http server is running at http://localhost:3000
May-19-2023 20:40:18 - [INFO]: Grpc server is running at http://localhost:50051
May-19-2023 20:40:31 - [INFO]: Http server is running at http://localhost:3000
May-19-2023 20:40:31 - [INFO]: Grpc server is running at http://localhost:50051
May-19-2023 20:40:44 - [INFO]: Http server is running at http://localhost:3000
May-19-2023 20:40:44 - [INFO]: Grpc server is running at http://localhost:50051
May-19-2023 20:40:57 - [INFO]: Http server is running at http://localhost:3000
May-19-2023 20:40:57 - [INFO]: Grpc server is running at http://localhost:50051
May-19-2023 20:41:10 - [INFO]: Http server is running at http://localhost:3000
May-19-2023 20:41:10 - [INFO]: Grpc server is running at http://localhost:50051
May-19-2023 20:41:23 - [INFO]: Http server is running at http://localhost:3000
May-19-2023 20:41:23 - [INFO]: Grpc server is running at http://localhost:50051
May-19-2023 20:41:36 - [INFO]: Http server is running at http://localhost:3000
May-19-2023 20:41:36 - [INFO]: Grpc server is running at http://localhost:50051
May-19-2023 20:41:49 - [INFO]: Http server is running at http://localhost:3000
May-19-2023 20:41:49 - [INFO]: Grpc server is running at http://localhost:50051
May-19-2023 20:42:02 - [INFO]: Http server is running at http://localhost:3000
May-19-2023 20:42:02 - [INFO]: Grpc server is running at http://localhost:50051
May-19-2023 20:42:16 - [INFO]: Http server is running at http://localhost:3000
May-19-2023 20:42:16 - [INFO]: Grpc server is running at http://localhost:50051
May-19-2023 20:42:29 - [INFO]: Http server is running at http://localhost:3000
May-19-2023 20:42:29 - [INFO]: Grpc server is running at http://localhost:50051
May-19-2023 20:42:42 - [INFO]: Http server is running at http://localhost:3000
May-19-2023 20:42:42 - [INFO]: Grpc server is running at http://localhost:50051
May-19-2023 20:42:55 - [INFO]: Http server is running at http://localhost:3000
May-19-2023 20:42:55 - [INFO]: Grpc server is running at http://localhost:50051
May-19-2023 20:43:08 - [INFO]: Http server is running at http://localhost:3000
May-19-2023 20:43:08 - [INFO]: Grpc server is running at http://localhost:50051
May-19-2023 20:43:21 - [INFO]: Http server is running at http://localhost:3000
May-19-2023 20:43:21 - [INFO]: Grpc server is running at http://localhost:50051
May-19-2023 20:43:34 - [INFO]: Http server is running at http://localhost:3000
May-19-2023 20:43:34 - [INFO]: Grpc server is running at http://localhost:50051
May-19-2023 20:43:47 - [INFO]: Http server is running at http://localhost:3000
May-19-2023 20:43:47 - [INFO]: Grpc server is running at http://localhost:50051
May-19-2023 20:44:00 - [INFO]: Http server is running at http://localhost:3000
May-19-2023 20:44:00 - [INFO]: Grpc server is running at http://localhost:50051
May-19-2023 20:44:13 - [INFO]: Http server is running at http://localhost:3000
May-19-2023 20:44:13 - [INFO]: Grpc server is running at http://localhost:50051
May-19-2023 20:44:27 - [INFO]: Http server is running at http://localhost:3000
May-19-2023 20:44:27 - [INFO]: Grpc server is running at http://localhost:50051
May-19-2023 20:44:40 - [INFO]: Http server is running at http://localhost:3000
May-19-2023 20:44:40 - [INFO]: Grpc server is running at http://localhost:50051
May-19-2023 20:44:53 - [INFO]: Http server is running at http://localhost:3000
May-19-2023 20:44:53 - [INFO]: Grpc server is running at http://localhost:50051
May-19-2023 20:45:06 - [INFO]: Http server is running at http://localhost:3000
May-19-2023 20:45:06 - [INFO]: Grpc server is running at http://localhost:50051
May-19-2023 20:45:19 - [INFO]: Http server is running at http://localhost:3000
May-19-2023 20:45:19 - [INFO]: Grpc server is running at http://localhost:50051
May-19-2023 20:45:32 - [INFO]: Http server is running at http://localhost:3000
May-19-2023 20:45:32 - [INFO]: Grpc server is running at http://localhost:50051
May-19-2023 20:45:45 - [INFO]: Http server is running at http://localhost:3000
May-19-2023 20:45:45 - [INFO]: Grpc server is running at http://localhost:50051
May-19-2023 20:45:58 - [INFO]: Http server is running at http://localhost:3000
May-19-2023 20:45:58 - [INFO]: Grpc server is running at http://localhost:50051
May-19-2023 20:46:12 - [INFO]: Http server is running at http://localhost:3000
May-19-2023 20:46:12 - [INFO]: Grpc server is running at http://localhost:50051
May-19-2023 20:46:25 - [INFO]: Http server is running at http://localhost:3000
May-19-2023 20:46:25 - [INFO]: Grpc server is running at http://localhost:50051
May-19-2023 20:46:38 - [INFO]: Http server is running at http://localhost:3000
May-19-2023 20:46:38 - [INFO]: Grpc server is running at http://localhost:50051
May-19-2023 20:46:52 - [INFO]: Http server is running at http://localhost:3000
May-19-2023 20:46:52 - [INFO]: Grpc server is running at http://localhost:50051
May-19-2023 20:47:05 - [INFO]: Http server is running at http://localhost:3000
May-19-2023 20:47:05 - [INFO]: Grpc server is running at http://localhost:50051
May-19-2023 20:47:18 - [INFO]: Http server is running at http://localhost:3000
May-19-2023 20:47:18 - [INFO]: Grpc server is running at http://localhost:50051
May-19-2023 20:47:31 - [INFO]: Http server is running at http://localhost:3000
May-19-2023 20:47:31 - [INFO]: Grpc server is running at http://localhost:50051
May-19-2023 20:47:45 - [INFO]: Http server is running at http://localhost:3000
May-19-2023 20:47:45 - [INFO]: Grpc server is running at http://localhost:50051
May-19-2023 20:47:58 - [INFO]: Http server is running at http://localhost:3000
May-19-2023 20:47:58 - [INFO]: Grpc server is running at http://localhost:50051
May-19-2023 20:48:11 - [INFO]: Http server is running at http://localhost:3000
May-19-2023 20:48:11 - [INFO]: Grpc server is running at http://localhost:50051
May-19-2023 20:48:25 - [INFO]: Http server is running at http://localhost:3000
May-19-2023 20:48:25 - [INFO]: Grpc server is running at http://localhost:50051
May-19-2023 20:48:38 - [INFO]: Http server is running at http://localhost:3000
May-19-2023 20:48:38 - [INFO]: Grpc server is running at http://localhost:50051
May-19-2023 20:48:51 - [INFO]: Http server is running at http://localhost:3000
May-19-2023 20:48:51 - [INFO]: Grpc server is running at http://localhost:50051
May-19-2023 20:49:04 - [INFO]: Http server is running at http://localhost:3000
May-19-2023 20:49:04 - [INFO]: Grpc server is running at http://localhost:50051
May-19-2023 20:49:17 - [INFO]: Http server is running at http://localhost:3000
May-19-2023 20:49:17 - [INFO]: Grpc server is running at http://localhost:50051
May-19-2023 20:49:30 - [INFO]: Http server is running at http://localhost:3000
May-19-2023 20:49:30 - [INFO]: Grpc server is running at http://localhost:50051
May-19-2023 20:49:43 - [INFO]: Http server is running at http://localhost:3000
May-19-2023 20:49:43 - [INFO]: Grpc server is running at http://localhost:50051
May-19-2023 20:49:57 - [INFO]: Http server is running at http://localhost:3000
May-19-2023 20:49:57 - [INFO]: Grpc server is running at http://localhost:50051
May-19-2023 20:50:10 - [INFO]: Http server is running at http://localhost:3000
May-19-2023 20:50:10 - [INFO]: Grpc server is running at http://localhost:50051
May-19-2023 20:50:23 - [INFO]: Http server is running at http://localhost:3000
May-19-2023 20:50:23 - [INFO]: Grpc server is running at http://localhost:50051
May-19-2023 20:50:36 - [INFO]: Http server is running at http://localhost:3000
May-19-2023 20:50:36 - [INFO]: Grpc server is running at http://localhost:50051
May-19-2023 20:50:49 - [INFO]: Http server is running at http://localhost:3000
May-19-2023 20:50:49 - [INFO]: Grpc server is running at http://localhost:50051
May-19-2023 20:51:02 - [INFO]: Http server is running at http://localhost:3000
May-19-2023 20:51:02 - [INFO]: Grpc server is running at http://localhost:50051
May-19-2023 20:51:16 - [INFO]: Http server is running at http://localhost:3000
May-19-2023 20:51:16 - [INFO]: Grpc server is running at http://localhost:50051
May-19-2023 20:51:28 - [INFO]: Http server is running at http://localhost:3000
May-19-2023 20:51:29 - [INFO]: Grpc server is running at http://localhost:50051
May-19-2023 20:51:42 - [INFO]: Http server is running at http://localhost:3000
May-19-2023 20:51:42 - [INFO]: Grpc server is running at http://localhost:50051
May-19-2023 20:51:56 - [INFO]: Http server is running at http://localhost:3000
May-19-2023 20:51:56 - [INFO]: Grpc server is running at http://localhost:50051
May-19-2023 20:52:09 - [INFO]: Http server is running at http://localhost:3000
May-19-2023 20:52:09 - [INFO]: Grpc server is running at http://localhost:50051
May-19-2023 20:52:22 - [INFO]: Http server is running at http://localhost:3000
May-19-2023 20:52:22 - [INFO]: Grpc server is running at http://localhost:50051
May-19-2023 20:52:35 - [INFO]: Http server is running at http://localhost:3000
May-19-2023 20:52:35 - [INFO]: Grpc server is running at http://localhost:50051
May-19-2023 20:52:48 - [INFO]: Http server is running at http://localhost:3000
May-19-2023 20:52:48 - [INFO]: Grpc server is running at http://localhost:50051
May-19-2023 20:53:01 - [INFO]: Http server is running at http://localhost:3000
May-19-2023 20:53:01 - [INFO]: Grpc server is running at http://localhost:50051
May-19-2023 20:53:14 - [INFO]: Http server is running at http://localhost:3000
May-19-2023 20:53:14 - [INFO]: Grpc server is running at http://localhost:50051
May-19-2023 20:53:28 - [INFO]: Http server is running at http://localhost:3000
May-19-2023 20:53:28 - [INFO]: Grpc server is running at http://localhost:50051
May-19-2023 20:53:41 - [INFO]: Http server is running at http://localhost:3000
May-19-2023 20:53:41 - [INFO]: Grpc server is running at http://localhost:50051
May-19-2023 20:53:54 - [INFO]: Http server is running at http://localhost:3000
May-19-2023 20:53:54 - [INFO]: Grpc server is running at http://localhost:50051
May-19-2023 20:54:10 - [INFO]: Http server is running at http://localhost:3000
May-19-2023 20:54:10 - [INFO]: Grpc server is running at http://localhost:50051
May-19-2023 20:54:23 - [INFO]: Http server is running at http://localhost:3000
May-19-2023 20:54:23 - [INFO]: Grpc server is running at http://localhost:50051
May-19-2023 20:54:36 - [INFO]: Http server is running at http://localhost:3000
May-19-2023 20:54:36 - [INFO]: Grpc server is running at http://localhost:50051
May-19-2023 20:54:49 - [INFO]: Http server is running at http://localhost:3000
May-19-2023 20:54:49 - [INFO]: Grpc server is running at http://localhost:50051
May-19-2023 20:55:03 - [INFO]: Http server is running at http://localhost:3000
May-19-2023 20:55:03 - [INFO]: Grpc server is running at http://localhost:50051
May-19-2023 20:55:16 - [INFO]: Http server is running at http://localhost:3000
May-19-2023 20:55:16 - [INFO]: Grpc server is running at http://localhost:50051
May-19-2023 20:55:29 - [INFO]: Http server is running at http://localhost:3000
May-19-2023 20:55:29 - [INFO]: Grpc server is running at http://localhost:50051
May-19-2023 20:55:42 - [INFO]: Http server is running at http://localhost:3000
May-19-2023 20:55:42 - [INFO]: Grpc server is running at http://localhost:50051
May-19-2023 20:55:55 - [INFO]: Http server is running at http://localhost:3000
May-19-2023 20:55:55 - [INFO]: Grpc server is running at http://localhost:50051
May-19-2023 20:56:08 - [INFO]: Http server is running at http://localhost:3000
May-19-2023 20:56:08 - [INFO]: Grpc server is running at http://localhost:50051
May-19-2023 20:56:21 - [INFO]: Http server is running at http://localhost:3000
May-19-2023 20:56:21 - [INFO]: Grpc server is running at http://localhost:50051
May-19-2023 20:56:35 - [INFO]: Http server is running at http://localhost:3000
May-19-2023 20:56:35 - [INFO]: Grpc server is running at http://localhost:50051
May-19-2023 20:56:48 - [INFO]: Http server is running at http://localhost:3000
May-19-2023 20:56:48 - [INFO]: Grpc server is running at http://localhost:50051
May-19-2023 20:57:02 - [INFO]: Http server is running at http://localhost:3000
May-19-2023 20:57:02 - [INFO]: Grpc server is running at http://localhost:50051
May-19-2023 20:57:15 - [INFO]: Http server is running at http://localhost:3000
May-19-2023 20:57:15 - [INFO]: Grpc server is running at http://localhost:50051
May-19-2023 20:57:33 - [INFO]: Http server is running at http://localhost:3000
May-19-2023 20:57:33 - [INFO]: Grpc server is running at http://localhost:50051
May-19-2023 20:57:46 - [INFO]: Http server is running at http://localhost:3000
May-19-2023 20:57:46 - [INFO]: Grpc server is running at http://localhost:50051
May-19-2023 20:57:59 - [INFO]: Http server is running at http://localhost:3000
May-19-2023 20:57:59 - [INFO]: Grpc server is running at http://localhost:50051
May-19-2023 20:58:13 - [INFO]: Http server is running at http://localhost:3000
May-19-2023 20:58:13 - [INFO]: Grpc server is running at http://localhost:50051
May-19-2023 20:58:26 - [INFO]: Http server is running at http://localhost:3000
May-19-2023 20:58:26 - [INFO]: Grpc server is running at http://localhost:50051
May-19-2023 20:58:39 - [INFO]: Http server is running at http://localhost:3000
May-19-2023 20:58:39 - [INFO]: Grpc server is running at http://localhost:50051
May-19-2023 20:58:52 - [INFO]: Http server is running at http://localhost:3000
May-19-2023 20:58:52 - [INFO]: Grpc server is running at http://localhost:50051
May-19-2023 20:59:05 - [INFO]: Http server is running at http://localhost:3000
May-19-2023 20:59:05 - [INFO]: Grpc server is running at http://localhost:50051
May-19-2023 20:59:18 - [INFO]: Http server is running at http://localhost:3000
May-19-2023 20:59:18 - [INFO]: Grpc server is running at http://localhost:50051
May-19-2023 20:59:31 - [INFO]: Http server is running at http://localhost:3000
May-19-2023 20:59:31 - [INFO]: Grpc server is running at http://localhost:50051
May-19-2023 20:59:45 - [INFO]: Http server is running at http://localhost:3000
May-19-2023 20:59:45 - [INFO]: Grpc server is running at http://localhost:50051
May-19-2023 20:59:58 - [INFO]: Http server is running at http://localhost:3000
May-19-2023 20:59:58 - [INFO]: Grpc server is running at http://localhost:50051
May-19-2023 21:00:11 - [INFO]: Http server is running at http://localhost:3000
May-19-2023 21:00:11 - [INFO]: Grpc server is running at http://localhost:50051
May-19-2023 21:00:24 - [INFO]: Http server is running at http://localhost:3000
May-19-2023 21:00:24 - [INFO]: Grpc server is running at http://localhost:50051
May-19-2023 21:00:37 - [INFO]: Http server is running at http://localhost:3000
May-19-2023 21:00:37 - [INFO]: Grpc server is running at http://localhost:50051
May-19-2023 21:00:50 - [INFO]: Http server is running at http://localhost:3000
May-19-2023 21:00:50 - [INFO]: Grpc server is running at http://localhost:50051
May-19-2023 21:01:04 - [INFO]: Http server is running at http://localhost:3000
May-19-2023 21:01:04 - [INFO]: Grpc server is running at http://localhost:50051
May-19-2023 21:01:17 - [INFO]: Http server is running at http://localhost:3000
May-19-2023 21:01:17 - [INFO]: Grpc server is running at http://localhost:50051
May-19-2023 21:01:30 - [INFO]: Http server is running at http://localhost:3000
May-19-2023 21:01:30 - [INFO]: Grpc server is running at http://localhost:50051
May-19-2023 21:01:44 - [INFO]: Http server is running at http://localhost:3000
May-19-2023 21:01:44 - [INFO]: Grpc server is running at http://localhost:50051
May-19-2023 21:01:57 - [INFO]: Http server is running at http://localhost:3000
May-19-2023 21:01:57 - [INFO]: Grpc server is running at http://localhost:50051
May-19-2023 21:02:10 - [INFO]: Http server is running at http://localhost:3000
May-19-2023 21:02:10 - [INFO]: Grpc server is running at http://localhost:50051
May-19-2023 21:02:23 - [INFO]: Http server is running at http://localhost:3000
May-19-2023 21:02:23 - [INFO]: Grpc server is running at http://localhost:50051
May-19-2023 21:02:36 - [INFO]: Http server is running at http://localhost:3000
May-19-2023 21:02:36 - [INFO]: Grpc server is running at http://localhost:50051
May-19-2023 21:02:49 - [INFO]: Http server is running at http://localhost:3000
May-19-2023 21:02:49 - [INFO]: Grpc server is running at http://localhost:50051
May-19-2023 21:03:03 - [INFO]: Http server is running at http://localhost:3000
May-19-2023 21:03:03 - [INFO]: Grpc server is running at http://localhost:50051
May-19-2023 21:03:16 - [INFO]: Http server is running at http://localhost:3000
May-19-2023 21:03:16 - [INFO]: Grpc server is running at http://localhost:50051
May-19-2023 21:03:29 - [INFO]: Http server is running at http://localhost:3000
May-19-2023 21:03:29 - [INFO]: Grpc server is running at http://localhost:50051
May-19-2023 21:03:42 - [INFO]: Http server is running at http://localhost:3000
May-19-2023 21:03:42 - [INFO]: Grpc server is running at http://localhost:50051
May-19-2023 21:03:55 - [INFO]: Http server is running at http://localhost:3000
May-19-2023 21:03:55 - [INFO]: Grpc server is running at http://localhost:50051
May-19-2023 21:04:08 - [INFO]: Http server is running at http://localhost:3000
May-19-2023 21:04:08 - [INFO]: Grpc server is running at http://localhost:50051
May-19-2023 21:04:22 - [INFO]: Http server is running at http://localhost:3000
May-19-2023 21:04:22 - [INFO]: Grpc server is running at http://localhost:50051
May-19-2023 21:04:35 - [INFO]: Http server is running at http://localhost:3000
May-19-2023 21:04:35 - [INFO]: Grpc server is running at http://localhost:50051
May-19-2023 21:04:48 - [INFO]: Http server is running at http://localhost:3000
May-19-2023 21:04:48 - [INFO]: Grpc server is running at http://localhost:50051
May-19-2023 21:05:01 - [INFO]: Http server is running at http://localhost:3000
May-19-2023 21:05:01 - [INFO]: Grpc server is running at http://localhost:50051
May-19-2023 21:05:15 - [INFO]: Http server is running at http://localhost:3000
May-19-2023 21:05:15 - [INFO]: Grpc server is running at http://localhost:50051
May-19-2023 21:05:28 - [INFO]: Http server is running at http://localhost:3000
May-19-2023 21:05:28 - [INFO]: Grpc server is running at http://localhost:50051
May-19-2023 21:05:41 - [INFO]: Http server is running at http://localhost:3000
May-19-2023 21:05:41 - [INFO]: Grpc server is running at http://localhost:50051
May-19-2023 21:05:54 - [INFO]: Http server is running at http://localhost:3000
May-19-2023 21:05:54 - [INFO]: Grpc server is running at http://localhost:50051
May-19-2023 21:06:08 - [INFO]: Http server is running at http://localhost:3000
May-19-2023 21:06:08 - [INFO]: Grpc server is running at http://localhost:50051
May-19-2023 21:06:21 - [INFO]: Http server is running at http://localhost:3000
May-19-2023 21:06:21 - [INFO]: Grpc server is running at http://localhost:50051
May-19-2023 21:06:34 - [INFO]: Http server is running at http://localhost:3000
May-19-2023 21:06:34 - [INFO]: Grpc server is running at http://localhost:50051
May-19-2023 21:06:48 - [INFO]: Http server is running at http://localhost:3000
May-19-2023 21:06:48 - [INFO]: Grpc server is running at http://localhost:50051
May-19-2023 21:07:01 - [INFO]: Http server is running at http://localhost:3000
May-19-2023 21:07:01 - [INFO]: Grpc server is running at http://localhost:50051
May-19-2023 21:07:15 - [INFO]: Http server is running at http://localhost:3000
May-19-2023 21:07:15 - [INFO]: Grpc server is running at http://localhost:50051
May-19-2023 21:07:29 - [INFO]: Http server is running at http://localhost:3000
May-19-2023 21:07:29 - [INFO]: Grpc server is running at http://localhost:50051
May-19-2023 21:07:42 - [INFO]: Http server is running at http://localhost:3000
May-19-2023 21:07:42 - [INFO]: Grpc server is running at http://localhost:50051
May-19-2023 21:07:55 - [INFO]: Http server is running at http://localhost:3000
May-19-2023 21:07:55 - [INFO]: Grpc server is running at http://localhost:50051
May-19-2023 21:08:08 - [INFO]: Http server is running at http://localhost:3000
May-19-2023 21:08:08 - [INFO]: Grpc server is running at http://localhost:50051
May-19-2023 21:08:21 - [INFO]: Http server is running at http://localhost:3000
May-19-2023 21:08:21 - [INFO]: Grpc server is running at http://localhost:50051
May-19-2023 21:08:34 - [INFO]: Http server is running at http://localhost:3000
May-19-2023 21:08:34 - [INFO]: Grpc server is running at http://localhost:50051
May-19-2023 21:08:48 - [INFO]: Http server is running at http://localhost:3000
May-19-2023 21:08:48 - [INFO]: Grpc server is running at http://localhost:50051
May-19-2023 21:09:01 - [INFO]: Http server is running at http://localhost:3000
May-19-2023 21:09:01 - [INFO]: Grpc server is running at http://localhost:50051
May-19-2023 21:09:14 - [INFO]: Http server is running at http://localhost:3000
May-19-2023 21:09:14 - [INFO]: Grpc server is running at http://localhost:50051
May-19-2023 21:09:28 - [INFO]: Http server is running at http://localhost:3000
May-19-2023 21:09:28 - [INFO]: Grpc server is running at http://localhost:50051
May-19-2023 21:09:41 - [INFO]: Http server is running at http://localhost:3000
May-19-2023 21:09:41 - [INFO]: Grpc server is running at http://localhost:50051
May-19-2023 21:09:54 - [INFO]: Http server is running at http://localhost:3000
May-19-2023 21:09:54 - [INFO]: Grpc server is running at http://localhost:50051
May-19-2023 21:10:07 - [INFO]: Http server is running at http://localhost:3000
May-19-2023 21:10:07 - [INFO]: Grpc server is running at http://localhost:50051
May-19-2023 21:10:20 - [INFO]: Http server is running at http://localhost:3000
May-19-2023 21:10:21 - [INFO]: Grpc server is running at http://localhost:50051
May-19-2023 21:10:34 - [INFO]: Http server is running at http://localhost:3000
May-19-2023 21:10:34 - [INFO]: Grpc server is running at http://localhost:50051
May-19-2023 21:10:47 - [INFO]: Http server is running at http://localhost:3000
May-19-2023 21:10:47 - [INFO]: Grpc server is running at http://localhost:50051
May-19-2023 21:11:00 - [INFO]: Http server is running at http://localhost:3000
May-19-2023 21:11:00 - [INFO]: Grpc server is running at http://localhost:50051
May-19-2023 21:11:13 - [INFO]: Http server is running at http://localhost:3000
May-19-2023 21:11:13 - [INFO]: Grpc server is running at http://localhost:50051
May-19-2023 21:11:26 - [INFO]: Http server is running at http://localhost:3000
May-19-2023 21:11:26 - [INFO]: Grpc server is running at http://localhost:50051
May-19-2023 21:11:40 - [INFO]: Http server is running at http://localhost:3000
May-19-2023 21:11:40 - [INFO]: Grpc server is running at http://localhost:50051
May-19-2023 21:11:53 - [INFO]: Http server is running at http://localhost:3000
May-19-2023 21:11:53 - [INFO]: Grpc server is running at http://localhost:50051
May-19-2023 21:12:06 - [INFO]: Http server is running at http://localhost:3000
May-19-2023 21:12:06 - [INFO]: Grpc server is running at http://localhost:50051
May-19-2023 21:12:20 - [INFO]: Http server is running at http://localhost:3000
May-19-2023 21:12:20 - [INFO]: Grpc server is running at http://localhost:50051
May-19-2023 21:12:33 - [INFO]: Http server is running at http://localhost:3000
May-19-2023 21:12:33 - [INFO]: Grpc server is running at http://localhost:50051
May-19-2023 21:12:46 - [INFO]: Http server is running at http://localhost:3000
May-19-2023 21:12:46 - [INFO]: Grpc server is running at http://localhost:50051
May-19-2023 21:12:59 - [INFO]: Http server is running at http://localhost:3000
May-19-2023 21:12:59 - [INFO]: Grpc server is running at http://localhost:50051
May-19-2023 21:13:12 - [INFO]: Http server is running at http://localhost:3000
May-19-2023 21:13:12 - [INFO]: Grpc server is running at http://localhost:50051
May-19-2023 21:13:26 - [INFO]: Http server is running at http://localhost:3000
May-19-2023 21:13:26 - [INFO]: Grpc server is running at http://localhost:50051
May-19-2023 21:13:39 - [INFO]: Http server is running at http://localhost:3000
May-19-2023 21:13:39 - [INFO]: Grpc server is running at http://localhost:50051
May-19-2023 21:13:52 - [INFO]: Http server is running at http://localhost:3000
May-19-2023 21:13:52 - [INFO]: Grpc server is running at http://localhost:50051
May-19-2023 21:14:05 - [INFO]: Http server is running at http://localhost:3000
May-19-2023 21:14:05 - [INFO]: Grpc server is running at http://localhost:50051
May-19-2023 21:14:18 - [INFO]: Http server is running at http://localhost:3000
May-19-2023 21:14:18 - [INFO]: Grpc server is running at http://localhost:50051
May-19-2023 21:14:31 - [INFO]: Http server is running at http://localhost:3000
May-19-2023 21:14:31 - [INFO]: Grpc server is running at http://localhost:50051
May-19-2023 21:14:45 - [INFO]: Http server is running at http://localhost:3000
May-19-2023 21:14:45 - [INFO]: Grpc server is running at http://localhost:50051
May-19-2023 21:14:58 - [INFO]: Http server is running at http://localhost:3000
May-19-2023 21:14:58 - [INFO]: Grpc server is running at http://localhost:50051
May-19-2023 21:15:11 - [INFO]: Http server is running at http://localhost:3000
May-19-2023 21:15:11 - [INFO]: Grpc server is running at http://localhost:50051
May-19-2023 21:15:24 - [INFO]: Http server is running at http://localhost:3000
May-19-2023 21:15:24 - [INFO]: Grpc server is running at http://localhost:50051
May-19-2023 21:15:38 - [INFO]: Http server is running at http://localhost:3000
May-19-2023 21:15:38 - [INFO]: Grpc server is running at http://localhost:50051
May-19-2023 21:15:51 - [INFO]: Http server is running at http://localhost:3000
May-19-2023 21:15:51 - [INFO]: Grpc server is running at http://localhost:50051
May-19-2023 21:16:04 - [INFO]: Http server is running at http://localhost:3000
May-19-2023 21:16:04 - [INFO]: Grpc server is running at http://localhost:50051
May-19-2023 21:16:17 - [INFO]: Http server is running at http://localhost:3000
May-19-2023 21:16:17 - [INFO]: Grpc server is running at http://localhost:50051
May-19-2023 21:16:30 - [INFO]: Http server is running at http://localhost:3000
May-19-2023 21:16:30 - [INFO]: Grpc server is running at http://localhost:50051
May-19-2023 21:16:43 - [INFO]: Http server is running at http://localhost:3000
May-19-2023 21:16:43 - [INFO]: Grpc server is running at http://localhost:50051
May-19-2023 21:16:57 - [INFO]: Http server is running at http://localhost:3000
May-19-2023 21:16:57 - [INFO]: Grpc server is running at http://localhost:50051
May-19-2023 21:17:10 - [INFO]: Http server is running at http://localhost:3000
May-19-2023 21:17:10 - [INFO]: Grpc server is running at http://localhost:50051
May-19-2023 21:17:23 - [INFO]: Http server is running at http://localhost:3000
May-19-2023 21:17:23 - [INFO]: Grpc server is running at http://localhost:50051
May-19-2023 21:17:37 - [INFO]: Http server is running at http://localhost:3000
May-19-2023 21:17:37 - [INFO]: Grpc server is running at http://localhost:50051
May-19-2023 21:17:50 - [INFO]: Http server is running at http://localhost:3000
May-19-2023 21:17:50 - [INFO]: Grpc server is running at http://localhost:50051
May-19-2023 21:18:03 - [INFO]: Http server is running at http://localhost:3000
May-19-2023 21:18:03 - [INFO]: Grpc server is running at http://localhost:50051
May-19-2023 21:18:16 - [INFO]: Http server is running at http://localhost:3000
May-19-2023 21:18:16 - [INFO]: Grpc server is running at http://localhost:50051
May-19-2023 21:18:30 - [INFO]: Http server is running at http://localhost:3000
May-19-2023 21:18:30 - [INFO]: Grpc server is running at http://localhost:50051
May-19-2023 21:18:43 - [INFO]: Http server is running at http://localhost:3000
May-19-2023 21:18:43 - [INFO]: Grpc server is running at http://localhost:50051
May-19-2023 21:18:56 - [INFO]: Http server is running at http://localhost:3000
May-19-2023 21:18:56 - [INFO]: Grpc server is running at http://localhost:50051
May-19-2023 21:19:09 - [INFO]: Http server is running at http://localhost:3000
May-19-2023 21:19:09 - [INFO]: Grpc server is running at http://localhost:50051
May-19-2023 21:19:23 - [INFO]: Http server is running at http://localhost:3000
May-19-2023 21:19:23 - [INFO]: Grpc server is running at http://localhost:50051
May-19-2023 21:19:36 - [INFO]: Http server is running at http://localhost:3000
May-19-2023 21:19:36 - [INFO]: Grpc server is running at http://localhost:50051
May-19-2023 21:19:49 - [INFO]: Http server is running at http://localhost:3000
May-19-2023 21:19:49 - [INFO]: Grpc server is running at http://localhost:50051
May-19-2023 21:20:02 - [INFO]: Http server is running at http://localhost:3000
May-19-2023 21:20:02 - [INFO]: Grpc server is running at http://localhost:50051
May-19-2023 21:20:16 - [INFO]: Http server is running at http://localhost:3000
May-19-2023 21:20:16 - [INFO]: Grpc server is running at http://localhost:50051
May-19-2023 21:20:29 - [INFO]: Http server is running at http://localhost:3000
May-19-2023 21:20:29 - [INFO]: Grpc server is running at http://localhost:50051
May-19-2023 21:20:42 - [INFO]: Http server is running at http://localhost:3000
May-19-2023 21:20:42 - [INFO]: Grpc server is running at http://localhost:50051
May-19-2023 21:20:56 - [INFO]: Http server is running at http://localhost:3000
May-19-2023 21:20:56 - [INFO]: Grpc server is running at http://localhost:50051
May-19-2023 21:21:09 - [INFO]: Http server is running at http://localhost:3000
May-19-2023 21:21:09 - [INFO]: Grpc server is running at http://localhost:50051
May-19-2023 21:21:22 - [INFO]: Http server is running at http://localhost:3000
May-19-2023 21:21:22 - [INFO]: Grpc server is running at http://localhost:50051
May-19-2023 21:21:36 - [INFO]: Http server is running at http://localhost:3000
May-19-2023 21:21:36 - [INFO]: Grpc server is running at http://localhost:50051
May-19-2023 21:21:49 - [INFO]: Http server is running at http://localhost:3000
May-19-2023 21:21:49 - [INFO]: Grpc server is running at http://localhost:50051
May-19-2023 21:22:02 - [INFO]: Http server is running at http://localhost:3000
May-19-2023 21:22:02 - [INFO]: Grpc server is running at http://localhost:50051
May-19-2023 21:22:16 - [INFO]: Http server is running at http://localhost:3000
May-19-2023 21:22:16 - [INFO]: Grpc server is running at http://localhost:50051
May-19-2023 21:22:30 - [INFO]: Http server is running at http://localhost:3000
May-19-2023 21:22:30 - [INFO]: Grpc server is running at http://localhost:50051
May-19-2023 21:22:43 - [INFO]: Http server is running at http://localhost:3000
May-19-2023 21:22:43 - [INFO]: Grpc server is running at http://localhost:50051
May-19-2023 21:22:56 - [INFO]: Http server is running at http://localhost:3000
May-19-2023 21:22:56 - [INFO]: Grpc server is running at http://localhost:50051
May-19-2023 21:23:10 - [INFO]: Http server is running at http://localhost:3000
May-19-2023 21:23:10 - [INFO]: Grpc server is running at http://localhost:50051
May-19-2023 21:23:23 - [INFO]: Http server is running at http://localhost:3000
May-19-2023 21:23:23 - [INFO]: Grpc server is running at http://localhost:50051
May-19-2023 21:23:36 - [INFO]: Http server is running at http://localhost:3000
May-19-2023 21:23:36 - [INFO]: Grpc server is running at http://localhost:50051
May-19-2023 21:23:49 - [INFO]: Http server is running at http://localhost:3000
May-19-2023 21:23:49 - [INFO]: Grpc server is running at http://localhost:50051
May-19-2023 21:24:02 - [INFO]: Http server is running at http://localhost:3000
May-19-2023 21:24:02 - [INFO]: Grpc server is running at http://localhost:50051
May-19-2023 21:24:16 - [INFO]: Http server is running at http://localhost:3000
May-19-2023 21:24:16 - [INFO]: Grpc server is running at http://localhost:50051
May-19-2023 21:24:29 - [INFO]: Http server is running at http://localhost:3000
May-19-2023 21:24:29 - [INFO]: Grpc server is running at http://localhost:50051
May-19-2023 21:24:42 - [INFO]: Http server is running at http://localhost:3000
May-19-2023 21:24:42 - [INFO]: Grpc server is running at http://localhost:50051
May-19-2023 21:24:56 - [INFO]: Http server is running at http://localhost:3000
May-19-2023 21:24:56 - [INFO]: Grpc server is running at http://localhost:50051
May-19-2023 21:25:09 - [INFO]: Http server is running at http://localhost:3000
May-19-2023 21:25:09 - [INFO]: Grpc server is running at http://localhost:50051
May-19-2023 21:25:22 - [INFO]: Http server is running at http://localhost:3000
May-19-2023 21:25:22 - [INFO]: Grpc server is running at http://localhost:50051
May-19-2023 21:25:35 - [INFO]: Http server is running at http://localhost:3000
May-19-2023 21:25:35 - [INFO]: Grpc server is running at http://localhost:50051
May-19-2023 21:25:49 - [INFO]: Http server is running at http://localhost:3000
May-19-2023 21:25:49 - [INFO]: Grpc server is running at http://localhost:50051
May-19-2023 21:26:02 - [INFO]: Http server is running at http://localhost:3000
May-19-2023 21:26:02 - [INFO]: Grpc server is running at http://localhost:50051
May-19-2023 21:26:15 - [INFO]: Http server is running at http://localhost:3000
May-19-2023 21:26:15 - [INFO]: Grpc server is running at http://localhost:50051
May-19-2023 21:26:28 - [INFO]: Http server is running at http://localhost:3000
May-19-2023 21:26:28 - [INFO]: Grpc server is running at http://localhost:50051
May-19-2023 21:26:42 - [INFO]: Http server is running at http://localhost:3000
May-19-2023 21:26:42 - [INFO]: Grpc server is running at http://localhost:50051
May-19-2023 21:26:55 - [INFO]: Http server is running at http://localhost:3000
May-19-2023 21:26:55 - [INFO]: Grpc server is running at http://localhost:50051
May-19-2023 21:27:08 - [INFO]: Http server is running at http://localhost:3000
May-19-2023 21:27:08 - [INFO]: Grpc server is running at http://localhost:50051
May-19-2023 21:27:21 - [INFO]: Http server is running at http://localhost:3000
May-19-2023 21:27:21 - [INFO]: Grpc server is running at http://localhost:50051
May-19-2023 21:27:36 - [INFO]: Http server is running at http://localhost:3000
May-19-2023 21:27:36 - [INFO]: Grpc server is running at http://localhost:50051
May-19-2023 21:27:49 - [INFO]: Http server is running at http://localhost:3000
May-19-2023 21:27:49 - [INFO]: Grpc server is running at http://localhost:50051
May-19-2023 21:28:02 - [INFO]: Http server is running at http://localhost:3000
May-19-2023 21:28:02 - [INFO]: Grpc server is running at http://localhost:50051
May-19-2023 21:28:16 - [INFO]: Http server is running at http://localhost:3000
May-19-2023 21:28:16 - [INFO]: Grpc server is running at http://localhost:50051
May-19-2023 21:28:29 - [INFO]: Http server is running at http://localhost:3000
May-19-2023 21:28:29 - [INFO]: Grpc server is running at http://localhost:50051
May-19-2023 21:28:42 - [INFO]: Http server is running at http://localhost:3000
May-19-2023 21:28:42 - [INFO]: Grpc server is running at http://localhost:50051
May-19-2023 21:28:55 - [INFO]: Http server is running at http://localhost:3000
May-19-2023 21:28:55 - [INFO]: Grpc server is running at http://localhost:50051
May-19-2023 21:29:08 - [INFO]: Http server is running at http://localhost:3000
May-19-2023 21:29:08 - [INFO]: Grpc server is running at http://localhost:50051
May-19-2023 21:29:21 - [INFO]: Http server is running at http://localhost:3000
May-19-2023 21:29:21 - [INFO]: Grpc server is running at http://localhost:50051
May-19-2023 21:29:35 - [INFO]: Http server is running at http://localhost:3000
May-19-2023 21:29:35 - [INFO]: Grpc server is running at http://localhost:50051
May-19-2023 21:29:48 - [INFO]: Http server is running at http://localhost:3000
May-19-2023 21:29:48 - [INFO]: Grpc server is running at http://localhost:50051
May-19-2023 21:30:01 - [INFO]: Http server is running at http://localhost:3000
May-19-2023 21:30:01 - [INFO]: Grpc server is running at http://localhost:50051
May-19-2023 21:30:14 - [INFO]: Http server is running at http://localhost:3000
May-19-2023 21:30:14 - [INFO]: Grpc server is running at http://localhost:50051
May-19-2023 21:30:27 - [INFO]: Http server is running at http://localhost:3000
May-19-2023 21:30:27 - [INFO]: Grpc server is running at http://localhost:50051
May-19-2023 21:30:40 - [INFO]: Http server is running at http://localhost:3000
May-19-2023 21:30:41 - [INFO]: Grpc server is running at http://localhost:50051
May-19-2023 21:30:54 - [INFO]: Http server is running at http://localhost:3000
May-19-2023 21:30:54 - [INFO]: Grpc server is running at http://localhost:50051
May-19-2023 21:31:07 - [INFO]: Http server is running at http://localhost:3000
May-19-2023 21:31:07 - [INFO]: Grpc server is running at http://localhost:50051
May-19-2023 21:31:20 - [INFO]: Http server is running at http://localhost:3000
May-19-2023 21:31:20 - [INFO]: Grpc server is running at http://localhost:50051
May-19-2023 21:31:33 - [INFO]: Http server is running at http://localhost:3000
May-19-2023 21:31:33 - [INFO]: Grpc server is running at http://localhost:50051
May-19-2023 21:31:46 - [INFO]: Http server is running at http://localhost:3000
May-19-2023 21:31:46 - [INFO]: Grpc server is running at http://localhost:50051
May-19-2023 21:31:59 - [INFO]: Http server is running at http://localhost:3000
May-19-2023 21:31:59 - [INFO]: Grpc server is running at http://localhost:50051
May-19-2023 21:32:12 - [INFO]: Http server is running at http://localhost:3000
May-19-2023 21:32:12 - [INFO]: Grpc server is running at http://localhost:50051
May-19-2023 21:32:26 - [INFO]: Http server is running at http://localhost:3000
May-19-2023 21:32:26 - [INFO]: Grpc server is running at http://localhost:50051
May-19-2023 21:32:39 - [INFO]: Http server is running at http://localhost:3000
May-19-2023 21:32:39 - [INFO]: Grpc server is running at http://localhost:50051
May-19-2023 21:32:52 - [INFO]: Http server is running at http://localhost:3000
May-19-2023 21:32:52 - [INFO]: Grpc server is running at http://localhost:50051
May-19-2023 21:33:05 - [INFO]: Http server is running at http://localhost:3000
May-19-2023 21:33:05 - [INFO]: Grpc server is running at http://localhost:50051
May-19-2023 21:33:19 - [INFO]: Http server is running at http://localhost:3000
May-19-2023 21:33:19 - [INFO]: Grpc server is running at http://localhost:50051
May-19-2023 21:33:32 - [INFO]: Http server is running at http://localhost:3000
May-19-2023 21:33:32 - [INFO]: Grpc server is running at http://localhost:50051
May-19-2023 21:33:46 - [INFO]: Http server is running at http://localhost:3000
May-19-2023 21:33:46 - [INFO]: Grpc server is running at http://localhost:50051
May-19-2023 21:33:59 - [INFO]: Http server is running at http://localhost:3000
May-19-2023 21:33:59 - [INFO]: Grpc server is running at http://localhost:50051
May-19-2023 21:34:12 - [INFO]: Http server is running at http://localhost:3000
May-19-2023 21:34:12 - [INFO]: Grpc server is running at http://localhost:50051
May-19-2023 21:34:25 - [INFO]: Http server is running at http://localhost:3000
May-19-2023 21:34:25 - [INFO]: Grpc server is running at http://localhost:50051
May-19-2023 21:34:39 - [INFO]: Http server is running at http://localhost:3000
May-19-2023 21:34:39 - [INFO]: Grpc server is running at http://localhost:50051
May-19-2023 21:34:52 - [INFO]: Http server is running at http://localhost:3000
May-19-2023 21:34:52 - [INFO]: Grpc server is running at http://localhost:50051
May-19-2023 21:35:06 - [INFO]: Http server is running at http://localhost:3000
May-19-2023 21:35:06 - [INFO]: Grpc server is running at http://localhost:50051
May-19-2023 21:35:19 - [INFO]: Http server is running at http://localhost:3000
May-19-2023 21:35:19 - [INFO]: Grpc server is running at http://localhost:50051
May-19-2023 21:35:32 - [INFO]: Http server is running at http://localhost:3000
May-19-2023 21:35:32 - [INFO]: Grpc server is running at http://localhost:50051
May-19-2023 21:35:46 - [INFO]: Http server is running at http://localhost:3000
May-19-2023 21:35:46 - [INFO]: Grpc server is running at http://localhost:50051
May-19-2023 21:35:59 - [INFO]: Http server is running at http://localhost:3000
May-19-2023 21:35:59 - [INFO]: Grpc server is running at http://localhost:50051
May-19-2023 21:36:12 - [INFO]: Http server is running at http://localhost:3000
May-19-2023 21:36:12 - [INFO]: Grpc server is running at http://localhost:50051
May-19-2023 21:36:25 - [INFO]: Http server is running at http://localhost:3000
May-19-2023 21:36:25 - [INFO]: Grpc server is running at http://localhost:50051
May-19-2023 21:36:39 - [INFO]: Http server is running at http://localhost:3000
May-19-2023 21:36:39 - [INFO]: Grpc server is running at http://localhost:50051
May-19-2023 21:36:52 - [INFO]: Http server is running at http://localhost:3000
May-19-2023 21:36:52 - [INFO]: Grpc server is running at http://localhost:50051
May-19-2023 21:37:05 - [INFO]: Http server is running at http://localhost:3000
May-19-2023 21:37:05 - [INFO]: Grpc server is running at http://localhost:50051
May-19-2023 21:37:18 - [INFO]: Http server is running at http://localhost:3000
May-19-2023 21:37:18 - [INFO]: Grpc server is running at http://localhost:50051
May-19-2023 21:37:31 - [INFO]: Http server is running at http://localhost:3000
May-19-2023 21:37:31 - [INFO]: Grpc server is running at http://localhost:50051
May-19-2023 21:37:45 - [INFO]: Http server is running at http://localhost:3000
May-19-2023 21:37:45 - [INFO]: Grpc server is running at http://localhost:50051
May-19-2023 21:37:58 - [INFO]: Http server is running at http://localhost:3000
May-19-2023 21:37:58 - [INFO]: Grpc server is running at http://localhost:50051
May-19-2023 21:38:12 - [INFO]: Http server is running at http://localhost:3000
May-19-2023 21:38:12 - [INFO]: Grpc server is running at http://localhost:50051
May-19-2023 21:38:25 - [INFO]: Http server is running at http://localhost:3000
May-19-2023 21:38:25 - [INFO]: Grpc server is running at http://localhost:50051
May-19-2023 21:38:38 - [INFO]: Http server is running at http://localhost:3000
May-19-2023 21:38:38 - [INFO]: Grpc server is running at http://localhost:50051
May-19-2023 21:38:52 - [INFO]: Http server is running at http://localhost:3000
May-19-2023 21:38:52 - [INFO]: Grpc server is running at http://localhost:50051
May-19-2023 21:39:05 - [INFO]: Http server is running at http://localhost:3000
May-19-2023 21:39:05 - [INFO]: Grpc server is running at http://localhost:50051
May-19-2023 21:39:18 - [INFO]: Http server is running at http://localhost:3000
May-19-2023 21:39:18 - [INFO]: Grpc server is running at http://localhost:50051
May-19-2023 21:39:32 - [INFO]: Http server is running at http://localhost:3000
May-19-2023 21:39:32 - [INFO]: Grpc server is running at http://localhost:50051
May-19-2023 21:39:45 - [INFO]: Http server is running at http://localhost:3000
May-19-2023 21:39:45 - [INFO]: Grpc server is running at http://localhost:50051
May-19-2023 21:39:58 - [INFO]: Http server is running at http://localhost:3000
May-19-2023 21:39:58 - [INFO]: Grpc server is running at http://localhost:50051
May-19-2023 21:40:12 - [INFO]: Http server is running at http://localhost:3000
May-19-2023 21:40:12 - [INFO]: Grpc server is running at http://localhost:50051
May-19-2023 21:40:25 - [INFO]: Http server is running at http://localhost:3000
May-19-2023 21:40:25 - [INFO]: Grpc server is running at http://localhost:50051
May-19-2023 21:40:38 - [INFO]: Http server is running at http://localhost:3000
May-19-2023 21:40:38 - [INFO]: Grpc server is running at http://localhost:50051
May-19-2023 21:40:51 - [INFO]: Http server is running at http://localhost:3000
May-19-2023 21:40:51 - [INFO]: Grpc server is running at http://localhost:50051
May-19-2023 21:41:04 - [INFO]: Http server is running at http://localhost:3000
May-19-2023 21:41:04 - [INFO]: Grpc server is running at http://localhost:50051
May-19-2023 21:41:18 - [INFO]: Http server is running at http://localhost:3000
May-19-2023 21:41:18 - [INFO]: Grpc server is running at http://localhost:50051
May-19-2023 21:41:31 - [INFO]: Http server is running at http://localhost:3000
May-19-2023 21:41:31 - [INFO]: Grpc server is running at http://localhost:50051
May-19-2023 21:41:45 - [INFO]: Http server is running at http://localhost:3000
May-19-2023 21:41:45 - [INFO]: Grpc server is running at http://localhost:50051
May-19-2023 21:41:58 - [INFO]: Http server is running at http://localhost:3000
May-19-2023 21:41:58 - [INFO]: Grpc server is running at http://localhost:50051
May-19-2023 21:42:11 - [INFO]: Http server is running at http://localhost:3000
May-19-2023 21:42:11 - [INFO]: Grpc server is running at http://localhost:50051
May-19-2023 21:42:25 - [INFO]: Http server is running at http://localhost:3000
May-19-2023 21:42:25 - [INFO]: Grpc server is running at http://localhost:50051
May-19-2023 21:42:39 - [INFO]: Http server is running at http://localhost:3000
May-19-2023 21:42:39 - [INFO]: Grpc server is running at http://localhost:50051
May-19-2023 21:42:52 - [INFO]: Http server is running at http://localhost:3000
May-19-2023 21:42:52 - [INFO]: Grpc server is running at http://localhost:50051
May-19-2023 21:43:05 - [INFO]: Http server is running at http://localhost:3000
May-19-2023 21:43:05 - [INFO]: Grpc server is running at http://localhost:50051
May-19-2023 21:43:18 - [INFO]: Http server is running at http://localhost:3000
May-19-2023 21:43:18 - [INFO]: Grpc server is running at http://localhost:50051
May-19-2023 21:43:32 - [INFO]: Http server is running at http://localhost:3000
May-19-2023 21:43:32 - [INFO]: Grpc server is running at http://localhost:50051
May-19-2023 21:43:45 - [INFO]: Http server is running at http://localhost:3000
May-19-2023 21:43:45 - [INFO]: Grpc server is running at http://localhost:50051
May-19-2023 21:43:58 - [INFO]: Http server is running at http://localhost:3000
May-19-2023 21:43:58 - [INFO]: Grpc server is running at http://localhost:50051
May-19-2023 21:44:11 - [INFO]: Http server is running at http://localhost:3000
May-19-2023 21:44:11 - [INFO]: Grpc server is running at http://localhost:50051
May-19-2023 21:44:24 - [INFO]: Http server is running at http://localhost:3000
May-19-2023 21:44:24 - [INFO]: Grpc server is running at http://localhost:50051
May-19-2023 21:44:38 - [INFO]: Http server is running at http://localhost:3000
May-19-2023 21:44:38 - [INFO]: Grpc server is running at http://localhost:50051
May-19-2023 21:44:51 - [INFO]: Http server is running at http://localhost:3000
May-19-2023 21:44:51 - [INFO]: Grpc server is running at http://localhost:50051
May-19-2023 21:45:05 - [INFO]: Http server is running at http://localhost:3000
May-19-2023 21:45:05 - [INFO]: Grpc server is running at http://localhost:50051
May-19-2023 21:45:18 - [INFO]: Http server is running at http://localhost:3000
May-19-2023 21:45:18 - [INFO]: Grpc server is running at http://localhost:50051
May-19-2023 21:45:31 - [INFO]: Http server is running at http://localhost:3000
May-19-2023 21:45:31 - [INFO]: Grpc server is running at http://localhost:50051
May-19-2023 21:45:45 - [INFO]: Http server is running at http://localhost:3000
May-19-2023 21:45:45 - [INFO]: Grpc server is running at http://localhost:50051
May-19-2023 21:45:59 - [INFO]: Http server is running at http://localhost:3000
May-19-2023 21:45:59 - [INFO]: Grpc server is running at http://localhost:50051
May-19-2023 21:46:12 - [INFO]: Http server is running at http://localhost:3000
May-19-2023 21:46:12 - [INFO]: Grpc server is running at http://localhost:50051
May-19-2023 21:46:25 - [INFO]: Http server is running at http://localhost:3000
May-19-2023 21:46:25 - [INFO]: Grpc server is running at http://localhost:50051
May-19-2023 21:46:39 - [INFO]: Http server is running at http://localhost:3000
May-19-2023 21:46:39 - [INFO]: Grpc server is running at http://localhost:50051
May-19-2023 21:46:52 - [INFO]: Http server is running at http://localhost:3000
May-19-2023 21:46:52 - [INFO]: Grpc server is running at http://localhost:50051
May-19-2023 21:47:05 - [INFO]: Http server is running at http://localhost:3000
May-19-2023 21:47:05 - [INFO]: Grpc server is running at http://localhost:50051
May-19-2023 21:47:19 - [INFO]: Http server is running at http://localhost:3000
May-19-2023 21:47:19 - [INFO]: Grpc server is running at http://localhost:50051
May-19-2023 21:47:32 - [INFO]: Http server is running at http://localhost:3000
May-19-2023 21:47:32 - [INFO]: Grpc server is running at http://localhost:50051
May-19-2023 21:47:45 - [INFO]: Http server is running at http://localhost:3000
May-19-2023 21:47:45 - [INFO]: Grpc server is running at http://localhost:50051
May-19-2023 21:48:00 - [INFO]: Http server is running at http://localhost:3000
May-19-2023 21:48:00 - [INFO]: Grpc server is running at http://localhost:50051
May-19-2023 21:48:13 - [INFO]: Http server is running at http://localhost:3000
May-19-2023 21:48:13 - [INFO]: Grpc server is running at http://localhost:50051
May-19-2023 21:48:26 - [INFO]: Http server is running at http://localhost:3000
May-19-2023 21:48:26 - [INFO]: Grpc server is running at http://localhost:50051
May-19-2023 21:48:39 - [INFO]: Http server is running at http://localhost:3000
May-19-2023 21:48:39 - [INFO]: Grpc server is running at http://localhost:50051
May-19-2023 21:48:53 - [INFO]: Http server is running at http://localhost:3000
May-19-2023 21:48:53 - [INFO]: Grpc server is running at http://localhost:50051
May-19-2023 21:49:06 - [INFO]: Http server is running at http://localhost:3000
May-19-2023 21:49:06 - [INFO]: Grpc server is running at http://localhost:50051
May-19-2023 21:49:19 - [INFO]: Http server is running at http://localhost:3000
May-19-2023 21:49:19 - [INFO]: Grpc server is running at http://localhost:50051
May-19-2023 21:49:33 - [INFO]: Http server is running at http://localhost:3000
May-19-2023 21:49:33 - [INFO]: Grpc server is running at http://localhost:50051
May-19-2023 21:49:46 - [INFO]: Http server is running at http://localhost:3000
May-19-2023 21:49:46 - [INFO]: Grpc server is running at http://localhost:50051
May-19-2023 21:49:59 - [INFO]: Http server is running at http://localhost:3000
May-19-2023 21:49:59 - [INFO]: Grpc server is running at http://localhost:50051
May-19-2023 21:50:13 - [INFO]: Http server is running at http://localhost:3000
May-19-2023 21:50:13 - [INFO]: Grpc server is running at http://localhost:50051
May-19-2023 21:50:26 - [INFO]: Http server is running at http://localhost:3000
May-19-2023 21:50:26 - [INFO]: Grpc server is running at http://localhost:50051
May-19-2023 21:50:39 - [INFO]: Http server is running at http://localhost:3000
May-19-2023 21:50:39 - [INFO]: Grpc server is running at http://localhost:50051
May-19-2023 21:50:53 - [INFO]: Http server is running at http://localhost:3000
May-19-2023 21:50:53 - [INFO]: Grpc server is running at http://localhost:50051
May-19-2023 21:51:06 - [INFO]: Http server is running at http://localhost:3000
May-19-2023 21:51:06 - [INFO]: Grpc server is running at http://localhost:50051
May-19-2023 21:51:19 - [INFO]: Http server is running at http://localhost:3000
May-19-2023 21:51:19 - [INFO]: Grpc server is running at http://localhost:50051
May-19-2023 21:51:33 - [INFO]: Http server is running at http://localhost:3000
May-19-2023 21:51:33 - [INFO]: Grpc server is running at http://localhost:50051
May-19-2023 21:51:46 - [INFO]: Http server is running at http://localhost:3000
May-19-2023 21:51:46 - [INFO]: Grpc server is running at http://localhost:50051
May-19-2023 21:51:58 - [INFO]: Http server is running at http://localhost:3000
May-19-2023 21:52:02 - [INFO]: Http server is running at http://localhost:3000
May-19-2023 21:52:02 - [INFO]: Grpc server is running at http://localhost:50051
May-19-2023 21:52:02 - [INFO]: MongoDB is connected on mongodb://root:12345@mongodb:27017/iot_security_app
May-19-2023 22:16:32 - [INFO]: Http server is running at http://localhost:3000
May-19-2023 22:20:29 - [INFO]: Http server is running at http://localhost:3000
May-19-2023 22:21:32 - [INFO]: Http server is running at http://localhost:3000
May-19-2023 22:21:32 - [INFO]: Grpc server is running at http://localhost:50051
May-19-2023 22:21:32 - [INFO]: MongoDB is connected on mongodb://root:12345@mongodb:27017/iot_security_app
