2023-02-04T19:04:01.287  INFO rtsp-sender Serve gRPC on: localhost:5551 
2023-02-04T19:04:01.287  INFO rtsp-sender Server is running and awaiting signal for shutdown ... 
2023-02-04T19:04:05.158  INFO rtsp-sender interrupt 
2023-02-04T19:04:05.158  INFO rtsp-sender Exiting 
2023-02-04T20:33:36.643  INFO rtsp-sender Serve gRPC on: localhost:5551 
2023-02-04T20:33:36.649  INFO rtsp-sender Server is running and awaiting signal for shutdown ... 
2023-02-04T20:38:12.910  INFO rtsp-sender interrupt 
2023-02-04T20:38:12.910  INFO rtsp-sender Exiting 
2023-02-04T20:38:14.333  INFO rtsp-sender Serve gRPC on: :5551 
2023-02-04T20:38:14.333  INFO rtsp-sender Server is running and awaiting signal for shutdown ... 
2023-02-04T20:38:18.480  INFO rtsp-sender interrupt 
2023-02-04T20:38:18.480  INFO rtsp-sender Exiting 
2023-02-04T20:38:40.903  INFO rtsp-sender Serve gRPC on: localhost:5551 
2023-02-04T20:40:49.316  INFO rtsp-sender Serve gRPC on: localhost:5551 
2023-02-04T20:40:49.317  INFO rtsp-sender Server is running and awaiting signal for shutdown ... 
2023-02-04T20:40:50.835 ERROR rtsp-sender Error when new client: dial tcp :554: connect: connection refused 
2023-02-04T20:40:51.495 ERROR rtsp-sender Error when new client: dial tcp :554: connect: connection refused 
2023-02-04T20:41:03.134 ERROR rtsp-sender Error when new client: dial tcp :554: connect: connection refused 
2023-02-04T20:41:27.918 ERROR rtsp-sender Error when new client: dial tcp :554: connect: connection refused 
2023-02-04T20:41:28.543 ERROR rtsp-sender Error when new client: dial tcp :554: connect: connection refused 
2023-02-04T20:41:28.733 ERROR rtsp-sender Error when new client: dial tcp :554: connect: connection refused 
2023-02-04T20:41:28.871 ERROR rtsp-sender Error when new client: dial tcp :554: connect: connection refused 
2023-02-04T20:41:29.035 ERROR rtsp-sender Error when new client: dial tcp :554: connect: connection refused 
2023-02-04T20:42:01.896 ERROR rtsp-sender Error when new client: dial tcp :554: connect: connection refused 
2023-02-04T20:42:04.113  INFO rtsp-sender interrupt 
2023-02-04T20:42:04.114  INFO rtsp-sender Exiting 
2023-02-04T20:42:05.412  INFO rtsp-sender Serve gRPC on: localhost:5551 
2023-02-04T20:42:05.413  INFO rtsp-sender Server is running and awaiting signal for shutdown ... 
2023-02-04T20:42:05.855 ERROR rtsp-sender Error when new client: dial tcp :554: connect: connection refused 
2023-02-04T20:42:09.825  INFO rtsp-sender interrupt 
2023-02-04T20:42:09.825  INFO rtsp-sender Exiting 
2023-02-07T10:22:32.126  INFO rtsp-sender Serve gRPC on: localhost:5551 
2023-02-07T10:22:32.133  INFO rtsp-sender Server is running and awaiting signal for shutdown ... 
2023-02-07T10:22:35.267  INFO rtsp-sender interrupt 
2023-02-07T10:22:35.267  INFO rtsp-sender Exiting 
2023-02-07T10:23:25.401  INFO rtsp-sender Serve gRPC on: localhost:5551 
2023-02-07T10:23:25.401  INFO rtsp-sender Serve gRPC with rtsp-simple-server, config in /pkg/rtsp-server-sdk 
2023-02-07T10:23:25.401  INFO rtsp-sender Server is running and awaiting signal for shutdown ... 
2023-02-07T10:23:31.189  INFO rtsp-sender interrupt 
2023-02-07T10:23:31.189  INFO rtsp-sender Exiting 
2023-02-07T10:23:36.946  INFO rtsp-sender Serve gRPC on: localhost:5551 
2023-02-07T10:23:36.946  INFO rtsp-sender Serve gRPC with rtsp-simple-server, config in /pkg/rtsp-server-sdk 
2023-02-07T10:23:36.947  INFO rtsp-sender Server is running and awaiting signal for shutdown ... 
2023-02-07T10:23:38.658  INFO rtsp-sender interrupt 
2023-02-07T10:23:38.658  INFO rtsp-sender Exiting 
2023-02-07T10:23:53.722  INFO rtsp-sender Serve gRPC on: localhost:5551 
2023-02-07T10:23:53.722  INFO rtsp-sender Serve gRPC with rtsp-simple-server, config in /pkg/rtsp-server-sdk 
2023-02-07T10:23:53.722  INFO rtsp-sender Server is running and awaiting signal for shutdown ... 
2023-02-07T10:23:54.444  INFO rtsp-sender interrupt 
2023-02-07T10:23:54.445  INFO rtsp-sender Exiting 
2023-02-07T10:24:01.040  INFO rtsp-sender Serve gRPC on: localhost:5551 
2023-02-07T10:24:01.040  INFO rtsp-sender Serve gRPC with rtsp-simple-server, config in /pkg/rtsp-server-sdk 
2023-02-07T10:24:01.040  INFO rtsp-sender Server is running and awaiting signal for shutdown ... 
2023-02-07T10:24:01.553  INFO rtsp-sender interrupt 
2023-02-07T10:24:01.553  INFO rtsp-sender Exiting 
2023-02-07T10:24:12.394  INFO rtsp-sender Serve gRPC on: localhost:5551 
2023-02-07T10:24:12.394  INFO rtsp-sender Serve gRPC with rtsp-simple-server, config in /pkg/rtsp-server-sdk 
2023-02-07T10:24:12.395  INFO rtsp-sender Server is running and awaiting signal for shutdown ... 
2023-02-07T10:24:18.752  INFO rtsp-sender interrupt 
2023-02-07T10:24:18.752  INFO rtsp-sender Exiting 
2023-02-07T10:24:20.008  INFO rtsp-sender Serve gRPC on: localhost:5551 
2023-02-07T10:24:20.008  INFO rtsp-sender Serve gRPC with rtsp-simple-server, config in /pkg/rtsp-server-sdk 
2023-02-07T10:24:20.009  INFO rtsp-sender Server is running and awaiting signal for shutdown ... 
2023-02-07T10:24:23.741  INFO rtsp-sender interrupt 
2023-02-07T10:24:23.741  INFO rtsp-sender Exiting 
2023-02-07T10:24:47.712  INFO rtsp-sender Serve gRPC on: localhost:5551 
2023-02-07T10:24:47.712  INFO rtsp-sender Serve gRPC with rtsp-simple-server, config in /pkg/rtsp-server-sdk 
2023-02-07T10:24:47.713  INFO rtsp-sender Server is running and awaiting signal for shutdown ... 
2023-02-07T10:24:49.222  INFO rtsp-sender interrupt 
2023-02-07T10:24:49.223  INFO rtsp-sender Exiting 
2023-02-07T10:24:57.122  INFO rtsp-sender Serve gRPC on: localhost:5551 
2023-02-07T10:24:57.122  INFO rtsp-sender Serve gRPC with rtsp-simple-server, config in /pkg/rtsp-server-sdk 
2023-02-07T10:24:57.123  INFO rtsp-sender Server is running and awaiting signal for shutdown ... 
2023-02-07T10:24:58.551  INFO rtsp-sender interrupt 
2023-02-07T10:24:58.552  INFO rtsp-sender Exiting 
2023-02-07T10:25:45.186  INFO rtsp-sender Serve gRPC on: localhost:5551 
2023-02-07T10:25:45.186  INFO rtsp-sender Serve gRPC with rtsp-simple-server, config in /pkg/rtsp-server-sdk 
2023-02-07T10:25:45.187  INFO rtsp-sender Server is running and awaiting signal for shutdown ... 
2023-02-07T10:26:59.953  INFO rtsp-sender interrupt 
2023-02-07T10:26:59.959  INFO rtsp-sender Exiting 
2023-02-07T10:27:01.190  INFO rtsp-sender Serve gRPC on: localhost:5551 
2023-02-07T10:27:01.190  INFO rtsp-sender Serve gRPC with rtsp-simple-server, config in /pkg/rtsp-server-sdk 
2023-02-07T10:27:01.190  INFO rtsp-sender Server is running and awaiting signal for shutdown ... 
2023-02-07T10:27:07.635  INFO rtsp-sender interrupt 
2023-02-07T10:27:07.635  INFO rtsp-sender Exiting 
2023-02-07T10:27:13.722  INFO rtsp-sender Serve gRPC on: localhost:5551 
2023-02-07T10:27:13.722  INFO rtsp-sender Serve gRPC with rtsp-simple-server, config in /pkg/rtsp-server-sdk 
2023-02-07T10:27:13.723  INFO rtsp-sender Server is running and awaiting signal for shutdown ... 
2023-02-07T10:27:21.010  INFO rtsp-sender interrupt 
2023-02-07T10:27:21.010  INFO rtsp-sender Exiting 
2023-02-07T10:27:25.522  INFO rtsp-sender Serve gRPC on: localhost:5551 
2023-02-07T10:27:25.522  INFO rtsp-sender Serve gRPC with rtsp-simple-server, config in /pkg/rtsp-server-sdk 
2023-02-07T10:27:25.522  INFO rtsp-sender Server is running and awaiting signal for shutdown ... 
2023-02-07T10:27:26.800  INFO rtsp-sender interrupt 
2023-02-07T10:27:26.800  INFO rtsp-sender Exiting 
2023-02-07T10:27:31.351  INFO rtsp-sender Serve gRPC on: localhost:5551 
2023-02-07T10:27:31.352  INFO rtsp-sender Serve gRPC with rtsp-simple-server, config in /pkg/rtsp-server-sdk 
2023-02-07T10:27:31.353  INFO rtsp-sender Server is running and awaiting signal for shutdown ... 
2023-02-07T10:28:03.299  INFO rtsp-sender interrupt 
2023-02-07T10:28:03.299  INFO rtsp-sender Exiting 
2023-02-07T10:28:04.462  INFO rtsp-sender Serve gRPC on: localhost:5551 
2023-02-07T10:28:04.462  INFO rtsp-sender Serve gRPC with rtsp-simple-server, config in /pkg/rtsp-server-sdk 
2023-02-07T10:28:04.462  INFO rtsp-sender Server is running and awaiting signal for shutdown ... 
2023-02-07T10:28:47.169  INFO rtsp-sender interrupt 
2023-02-07T10:28:47.169  INFO rtsp-sender Exiting 
2023-02-07T10:28:48.427  INFO rtsp-sender Serve gRPC on: localhost:5551 
2023-02-07T10:28:48.427  INFO rtsp-sender Serve gRPC with rtsp-simple-server, config in /pkg/rtsp-server-sdk 
2023-02-07T10:28:48.427  INFO rtsp-sender Server is running and awaiting signal for shutdown ... 
2023-02-07T10:29:29.426  INFO rtsp-sender interrupt 
2023-02-07T10:29:29.426  INFO rtsp-sender Exiting 
2023-02-07T10:29:30.563  INFO rtsp-sender Serve gRPC on: localhost:5551 
2023-02-07T10:29:30.563  INFO rtsp-sender Serve gRPC with rtsp-simple-server, config in /pkg/rtsp-server-sdk 
2023-02-07T10:29:30.563  INFO rtsp-sender Server is running and awaiting signal for shutdown ... 
2023-02-07T10:29:31.739  INFO rtsp-sender interrupt 
2023-02-07T10:29:31.740  INFO rtsp-sender Exiting 
2023-02-07T10:29:39.711  INFO rtsp-sender Serve gRPC on: localhost:5551 
2023-02-07T10:29:39.711  INFO rtsp-sender Serve gRPC with rtsp-simple-server, config in /pkg/rtsp-server-sdk 
2023-02-07T10:30:42.956  INFO rtsp-sender Serve gRPC on: localhost:5551 
2023-02-07T10:30:42.956  INFO rtsp-sender Serve gRPC with rtsp-simple-server, config in /pkg/rtsp-server-sdk 
2023-02-07T10:30:42.956  INFO rtsp-sender Start rtsp-simple-server with command: ./rtsp-simple-server 
2023-02-07T10:30:42.957  INFO rtsp-sender Server is running and awaiting signal for shutdown ... 
2023-02-07T10:30:54.436  INFO rtsp-sender interrupt 
2023-02-07T10:30:54.436  INFO rtsp-sender Exiting 
2023-02-11T15:20:49.490  INFO rtsp-sender7698bd803e93 Serve gRPC on: localhost:5551 
2023-02-11T15:20:49.495  INFO rtsp-sender7698bd803e93 Serve gRPC with rtsp-simple-server, config in /pkg/rtsp-server-sdk 
2023-02-11T15:20:49.496  INFO rtsp-sender7698bd803e93 Start rtsp-simple-server with command: ./rtsp-simple-server 
2023-02-11T15:20:49.497  INFO rtsp-sender7698bd803e93 Server is running and awaiting signal for shutdown ... 
2023-02-11T15:26:18.545  INFO rtsp-sender7698bd803e93 Serve gRPC on: localhost:5551 
2023-02-11T15:26:18.551  INFO rtsp-sender7698bd803e93 Serve gRPC with rtsp-simple-server, config in /pkg/rtsp-server-sdk 
2023-02-11T15:26:18.551  INFO rtsp-sender7698bd803e93 Start rtsp-simple-server with command: ./rtsp-simple-server 
2023-02-11T15:26:18.552  INFO rtsp-sender7698bd803e93 Server is running and awaiting signal for shutdown ... 
2023-02-11T15:27:22.509  INFO rtsp-sender7698bd803e93 Serve gRPC on: localhost:5551 
2023-02-11T15:27:22.518  INFO rtsp-sender7698bd803e93 Serve RTSP with rtsp simple server, config in /pkg/rtsp-server-sdk 
2023-02-11T15:27:22.519  INFO rtsp-sender7698bd803e93 Start rtsp-simple-server with command: ./rtsp-simple-server 
2023-02-11T15:27:22.521  INFO rtsp-sender7698bd803e93 Server is running and awaiting signal for shutdown ... 
2023-02-11T15:28:08.398  INFO rtsp-sender7698bd803e93 Serve gRPC on: localhost:5551 
2023-02-11T15:28:08.404  INFO rtsp-sender7698bd803e93 Serve RTSP with rtsp simple server, config in /pkg/rtsp-server-sdk 
2023-02-11T15:28:08.404  INFO rtsp-sender7698bd803e93 Start rtsp-simple-server with command: ./rtsp-simple-server 
2023-02-11T15:28:08.406  INFO rtsp-sender7698bd803e93 Server is running and awaiting signal for shutdown ... 
2023-02-11T15:29:47.163  INFO rtsp-sender7698bd803e93 Serve gRPC on: localhost:5551 
2023-02-11T15:29:47.171  INFO rtsp-sender7698bd803e93 Serve RTSP with rtsp simple server, config in /pkg/rtsp-server-sdk 
2023-02-11T15:29:47.172  INFO rtsp-sender7698bd803e93 Start rtsp-simple-server with command: ./rtsp-simple-server 
2023-02-11T15:29:47.173  INFO rtsp-sender7698bd803e93 Server is running and awaiting signal for shutdown ... 
2023-02-11T15:29:59.531  INFO rtsp-sender7698bd803e93 Serve gRPC on: localhost:5551 
2023-02-11T15:29:59.536  INFO rtsp-sender7698bd803e93 Serve RTSP with rtsp simple server, config in /pkg/rtsp-server-sdk 
2023-02-11T15:29:59.537  INFO rtsp-sender7698bd803e93 Start rtsp-simple-server with command: ./rtsp-simple-server 
2023-02-11T15:29:59.539  INFO rtsp-sender7698bd803e93 Server is running and awaiting signal for shutdown ... 
2023-02-11T15:31:22.103  INFO rtsp-sender7698bd803e93 Serve gRPC on: localhost:5551 
2023-02-11T15:31:22.108  INFO rtsp-sender7698bd803e93 Serve RTSP with rtsp simple server, config in /pkg/rtsp-server-sdk 
2023-02-11T15:31:22.108  INFO rtsp-sender7698bd803e93 Start rtsp-simple-server with command: ./rtsp-simple-server 
2023-02-11T15:31:22.109  INFO rtsp-sender7698bd803e93 Server is running and awaiting signal for shutdown ... 
2023-02-11T15:31:44.683  INFO rtsp-sender7698bd803e93 Serve gRPC on: localhost:5551 
2023-02-11T15:31:44.688  INFO rtsp-sender7698bd803e93 Serve RTSP with rtsp simple server, config in /pkg/rtsp-server-sdk 
2023-02-11T15:31:44.688  INFO rtsp-sender7698bd803e93 Start rtsp-simple-server with command: ./rtsp-simple-server 
2023-02-11T15:31:44.690  INFO rtsp-sender7698bd803e93 Server is running and awaiting signal for shutdown ... 
2023-02-11T15:31:57.823  INFO rtsp-sender7698bd803e93 Serve gRPC on: localhost:5551 
2023-02-11T15:31:57.828  INFO rtsp-sender7698bd803e93 Serve RTSP with rtsp simple server, config in /pkg/rtsp-server-sdk 
2023-02-11T15:31:57.828  INFO rtsp-sender7698bd803e93 Start rtsp-simple-server with command: ./rtsp-simple-server 
2023-02-11T15:31:57.830  INFO rtsp-sender7698bd803e93 Server is running and awaiting signal for shutdown ... 
2023-02-11T15:32:11.730  INFO rtsp-sender7698bd803e93 Serve gRPC on: localhost:5551 
2023-02-11T15:32:11.736  INFO rtsp-sender7698bd803e93 Serve RTSP with rtsp simple server, config in /pkg/rtsp-server-sdk 
2023-02-11T15:32:11.736  INFO rtsp-sender7698bd803e93 Start rtsp-simple-server with command: ./rtsp-simple-server 
2023-02-11T15:32:11.737  INFO rtsp-sender7698bd803e93 Server is running and awaiting signal for shutdown ... 
2023-02-11T15:32:28.305  INFO rtsp-sender7698bd803e93 Serve gRPC on: localhost:5551 
2023-02-11T15:32:28.311  INFO rtsp-sender7698bd803e93 Serve RTSP with rtsp simple server, config in /pkg/rtsp-server-sdk 
2023-02-11T15:32:28.311  INFO rtsp-sender7698bd803e93 Start rtsp-simple-server with command: ./rtsp-simple-server 
2023-02-11T15:32:28.318  INFO rtsp-sender7698bd803e93 Server is running and awaiting signal for shutdown ... 
2023-02-11T15:32:48.507  INFO rtsp-sender7698bd803e93 Serve gRPC on: localhost:5551 
2023-02-11T15:32:48.511  INFO rtsp-sender7698bd803e93 Serve RTSP with rtsp simple server, config in /pkg/rtsp-server-sdk 
2023-02-11T15:32:48.511  INFO rtsp-sender7698bd803e93 Start rtsp-simple-server with command: ./rtsp-simple-server 
2023-02-11T15:32:48.513  INFO rtsp-sender7698bd803e93 Server is running and awaiting signal for shutdown ... 
2023-02-11T15:33:03.837  INFO rtsp-sender7698bd803e93 Serve gRPC on: localhost:5551 
2023-02-11T15:33:03.842  INFO rtsp-sender7698bd803e93 Serve RTSP with rtsp simple server, config in /pkg/rtsp-server-sdk 
2023-02-11T15:33:03.842  INFO rtsp-sender7698bd803e93 Start rtsp-simple-server with command: ./rtsp-simple-server 
2023-02-11T15:33:03.843  INFO rtsp-sender7698bd803e93 Server is running and awaiting signal for shutdown ... 
2023-02-11T15:33:54.206  INFO rtsp-sender7698bd803e93 Serve gRPC on: localhost:5551 
2023-02-11T15:33:54.212  INFO rtsp-sender7698bd803e93 Serve RTSP with rtsp simple server, config in /pkg/rtsp-server-sdk 
2023-02-11T15:33:54.212  INFO rtsp-sender7698bd803e93 Start rtsp-simple-server with command: ./rtsp-simple-server 
2023-02-11T15:33:54.215  INFO rtsp-sender7698bd803e93 Server is running and awaiting signal for shutdown ... 
