Arguments: 
  /usr/bin/node /usr/local/bin/yarn

PATH: 
  /home/dathuynh/.cargo/bin:/usr/local/sbin:/usr/local/bin:/usr/sbin:/usr/bin:/sbin:/bin:/usr/games:/usr/local/games:/snap/bin:/snap/bin:/home/dathuynh/Android/Sdk/emulator:/home/dathuynh/Android/Sdk/platform-tools:/home/dathuynh/Android/Sdk/emulator:/home/dathuynh/Android/Sdk/platform-tools

Yarn version: 
  1.22.19

Node version: 
  18.13.0

Platform: 
  linux x64

Trace: 
  Error: EACCES: permission denied, mkdir '/home/dathuynh/Workspace/hcmut-thesis/node-api-gateway/node_modules/abbrev'

npm manifest: 
  {
    "name": "node-api-gateway",
    "version": "1.0.0",
    "description": "",
    "main": "main.js",
    "bin": "cmd/server/main.js",
    "scripts": {
      "dev": "node cmd/server/main.js"
    },
    "author": "",
    "license": "ISC",
    "dependencies": {
      "@grpc/grpc-js": "^1.7.3",
      "compression": "^1.7.4",
      "cors": "^2.8.5",
      "dotenv": "^16.0.3",
      "express": "^4.18.2",
      "express-rate-limit": "^6.6.0",
      "fs": "^0.0.1-security",
      "helmet": "^6.0.0",
      "http-proxy-middleware": "^2.0.6",
      "http-status": "^1.5.3",
      "mqtt": "^4.3.7",
      "prom-client": "^14.1.0",
      "request": "^2.88.2",
      "toml": "^3.0.0"
    },
    "devDependencies": {
      "nodemon": "^2.0.20"
    },
    "pkg": {
      "assets": ["pkg/**/*.proto"]
    }
  }

yarn manifest: 
  No manifest

Lockfile: 
  No lockfile
